INFO: 2025-07-22 10:14:12,694: main() 'Using profile folder /home/rto/.config/variety/'
INFO: 2025-07-22 10:14:12,696: perform_upgrade() 'Last run version was 0.8.10 or earlier, current version is 0.8.10'
INFO: 2025-07-22 10:14:12,767: process_command() 'Received command: []'
INFO: 2025-07-22 10:14:12,768: start() 'Using data_path /usr/share/variety'
INFO: 2025-07-22 10:14:12,768: load() 'Jumble loading'
INFO: 2025-07-22 10:14:12,768: _walk_modules() 'Jumble loading module in __init__ from /usr/lib/python3/dist-packages/variety/plugins/builtin/__init__.py'
INFO: 2025-07-22 10:14:12,768: _walk_modules() 'Jumble loading module in RedditSource from /usr/lib/python3/dist-packages/variety/plugins/builtin/downloaders/RedditSource.py'
INFO: 2025-07-22 10:14:12,769: load() 'Jumble found plugin class: <class 'RedditSource.RedditSource'>: {'name': 'RedditSource', 'description': 'Configurable source for fetching images from Reddit', 'author': 'Peter Levi', 'version': '0.1'}'
INFO: 2025-07-22 10:14:12,769: _walk_modules() 'Jumble loading module in EarthviewDownloader from /usr/lib/python3/dist-packages/variety/plugins/builtin/downloaders/EarthviewDownloader.py'
INFO: 2025-07-22 10:14:12,769: load() 'Jumble found plugin class: <class 'EarthviewDownloader.EarthviewDownloader'>: {'name': 'EarthviewDownloader', 'description': 'Google Earth View Wallpapers', 'author': 'Peter Levi', 'version': '0.1'}'
INFO: 2025-07-22 10:14:12,770: _walk_modules() 'Jumble loading module in MediaRSSSource from /usr/lib/python3/dist-packages/variety/plugins/builtin/downloaders/MediaRSSSource.py'
INFO: 2025-07-22 10:14:12,770: load() 'Jumble found plugin class: <class 'MediaRSSSource.MediaRSSSource'>: {'name': 'MediaRSSSource', 'description': 'Configurable source for fetching images from MediaRSS feeds', 'author': 'Peter Levi', 'version': '0.1'}'
INFO: 2025-07-22 10:14:12,770: _walk_modules() 'Jumble loading module in WallhavenLegacyDownloader from /usr/lib/python3/dist-packages/variety/plugins/builtin/downloaders/WallhavenLegacyDownloader.py'
INFO: 2025-07-22 10:14:12,770: _walk_modules() 'Jumble loading module in WallhavenSource from /usr/lib/python3/dist-packages/variety/plugins/builtin/downloaders/WallhavenSource.py'
INFO: 2025-07-22 10:14:12,771: load() 'Jumble found plugin class: <class 'WallhavenSource.WallhavenSource'>: {'name': 'WallhavenSource', 'description': 'Configurable source for fetching images from Wallhaven.cc', 'author': 'Peter Levi', 'version': '0.1'}'
INFO: 2025-07-22 10:14:12,771: _walk_modules() 'Jumble loading module in NationalGeographicDownloader from /usr/lib/python3/dist-packages/variety/plugins/builtin/downloaders/NationalGeographicDownloader.py'
INFO: 2025-07-22 10:14:12,771: load() 'Jumble found plugin class: <class 'NationalGeographicDownloader.NationalGeographicDownloader'>: {'name': 'NationalGeographicDownloader', 'description': "National Geographic's photo of the day", 'author': 'Eric Rösch', 'version': '0.1'}'
INFO: 2025-07-22 10:14:12,771: _walk_modules() 'Jumble loading module in RedditDownloader from /usr/lib/python3/dist-packages/variety/plugins/builtin/downloaders/RedditDownloader.py'
INFO: 2025-07-22 10:14:12,771: _walk_modules() 'Jumble loading module in APODDownloader from /usr/lib/python3/dist-packages/variety/plugins/builtin/downloaders/APODDownloader.py'
INFO: 2025-07-22 10:14:12,771: load() 'Jumble found plugin class: <class 'APODDownloader.APODDownloader'>: {'name': 'APODDownloader', 'description': 'NASA Astro Pic of the Day', 'author': 'Peter Levi', 'version': '0.1'}'
INFO: 2025-07-22 10:14:12,771: _walk_modules() 'Jumble loading module in MediaRSSDownloader from /usr/lib/python3/dist-packages/variety/plugins/builtin/downloaders/MediaRSSDownloader.py'
INFO: 2025-07-22 10:14:12,772: _walk_modules() 'Jumble loading module in WallhavenDownloader from /usr/lib/python3/dist-packages/variety/plugins/builtin/downloaders/WallhavenDownloader.py'
INFO: 2025-07-22 10:14:12,772: _walk_modules() 'Jumble loading module in BingDownloader from /usr/lib/python3/dist-packages/variety/plugins/builtin/downloaders/BingDownloader.py'
INFO: 2025-07-22 10:14:12,772: load() 'Jumble found plugin class: <class 'BingDownloader.BingDownloader'>: {'name': 'BingDownloader', 'description': 'Bing Photo of the Day', 'author': 'Peter Levi', 'version': '0.1'}'
INFO: 2025-07-22 10:14:12,772: _walk_modules() 'Jumble loading module in __init__ from /usr/lib/python3/dist-packages/variety/plugins/builtin/downloaders/__init__.py'
INFO: 2025-07-22 10:14:12,772: _walk_modules() 'Jumble loading module in ArtStationSource from /usr/lib/python3/dist-packages/variety/plugins/builtin/downloaders/ArtStationSource.py'
INFO: 2025-07-22 10:14:12,772: load() 'Jumble found plugin class: <class 'ArtStationSource.ArtStationSource'>: {'name': 'ArtStationSource', 'description': 'Configurable source for fetching images from ArtStation', 'author': 'Denis Gordeev', 'version': '0.1'}'
INFO: 2025-07-22 10:14:12,772: _walk_modules() 'Jumble loading module in UnsplashConfigurableSource from /usr/lib/python3/dist-packages/variety/plugins/builtin/downloaders/UnsplashConfigurableSource.py'
INFO: 2025-07-22 10:14:12,773: load() 'Jumble found plugin class: <class 'UnsplashConfigurableSource.UnsplashConfigurableSource'>: {'name': 'UnsplashConfigurableSource', 'description': 'Configurable source for fetching photos from Unsplash.com', 'author': 'Peter Levi', 'version': '0.1'}'
INFO: 2025-07-22 10:14:12,773: _walk_modules() 'Jumble loading module in UnsplashDownloader from /usr/lib/python3/dist-packages/variety/plugins/builtin/downloaders/UnsplashDownloader.py'
INFO: 2025-07-22 10:14:12,773: load() 'Jumble found plugin class: <class 'UnsplashDownloader.UnsplashDownloader'>: {'name': 'UnsplashDownloader', 'description': 'High-resolution photos from Unsplash.com', 'author': 'Peter Levi', 'version': '0.1'}'
INFO: 2025-07-22 10:14:12,773: _walk_modules() 'Jumble loading module in ArtStationDownloader from /usr/lib/python3/dist-packages/variety/plugins/builtin/downloaders/ArtStationDownloader.py'
INFO: 2025-07-22 10:14:12,773: _walk_modules() 'Jumble loading module in ResizingDisplayModesPlugin from /usr/lib/python3/dist-packages/variety/plugins/builtin/display_modes/ResizingDisplayModesPlugin.py'
INFO: 2025-07-22 10:14:12,774: load() 'Jumble found plugin class: <class 'ResizingDisplayModesPlugin.ResizingDisplayModesPlugin'>: {'name': 'ResizingDisplayModesPlugin', 'description': 'Display modes that use image resizing within Variety', 'version': '1.0', 'author': 'Peter Levi'}'
INFO: 2025-07-22 10:14:12,774: _walk_modules() 'Jumble loading module in __init__ from /usr/lib/python3/dist-packages/variety/plugins/builtin/display_modes/__init__.py'
INFO: 2025-07-22 10:14:12,774: _walk_modules() 'Jumble loading module in LegacyDisplayModesPlugin from /usr/lib/python3/dist-packages/variety/plugins/builtin/display_modes/LegacyDisplayModesPlugin.py'
INFO: 2025-07-22 10:14:12,774: load() 'Jumble found plugin class: <class 'LegacyDisplayModesPlugin.LegacyDisplayModesPlugin'>: {'name': 'LegacyDisplayModesPlugin', 'description': 'Legacy display mode for compatibility with past Variety versions', 'version': '1.0', 'author': 'Peter Levi'}'
INFO: 2025-07-22 10:14:12,774: _walk_modules() 'Jumble loading module in GnomeDisplayModesPlugin from /usr/lib/python3/dist-packages/variety/plugins/builtin/display_modes/GnomeDisplayModesPlugin.py'
INFO: 2025-07-22 10:14:12,774: load() 'Jumble found plugin class: <class 'GnomeDisplayModesPlugin.GnomeDisplayModesPlugin'>: {'name': 'GnomeDisplayModesPlugin', 'description': 'Display modes relying on the underlying desktop environment', 'version': '1.0', 'author': 'Peter Levi'}'
INFO: 2025-07-22 10:14:12,774: _walk_modules() 'Jumble loading module in __init__ from /usr/lib/python3/dist-packages/variety/plugins/builtin/quotes/__init__.py'
INFO: 2025-07-22 10:14:12,774: _walk_modules() 'Jumble loading module in LocalFilesSource from /usr/lib/python3/dist-packages/variety/plugins/builtin/quotes/LocalFilesSource.py'
INFO: 2025-07-22 10:14:12,774: load() 'Jumble found plugin class: <class 'LocalFilesSource.LocalFilesSource'>: {'name': 'Local text files', 'description': 'Displays quotes, defined in local text files.\nPut your own txt files in: ~/.config/variety/pluginconfig/quotes/.\nThe file format is:\n\nquote -- author\n.\nsecond quote -- another author\n.\netc...\n\nExample: http://rvelthuis.de/zips/quotes.txt', 'author': 'Peter Levi', 'version': '0.1'}'
INFO: 2025-07-22 10:14:12,774: _walk_modules() 'Jumble loading module in QuotationsPageSource from /usr/lib/python3/dist-packages/variety/plugins/builtin/quotes/QuotationsPageSource.py'
INFO: 2025-07-22 10:14:12,787: load() 'Jumble found plugin class: <class 'QuotationsPageSource.QuotationsPageSource'>: {'name': 'TheQuotationsPage.com', 'description': 'Fetches quotes from TheQuotationsPage.com', 'author': 'Peter Levi', 'version': '0.1'}'
INFO: 2025-07-22 10:14:12,787: _walk_modules() 'Jumble loading module in FortuneSource from /usr/lib/python3/dist-packages/variety/plugins/builtin/quotes/FortuneSource.py'
INFO: 2025-07-22 10:14:12,788: load() 'Jumble found plugin class: <class 'FortuneSource.FortuneSource'>: {'name': 'UNIX fortune program', 'description': 'Displays quotes using the UNIX fortune program. You may want to install additional fortune packs, e.g. fortunes-bofh-excuses.', 'author': 'Dan Jones', 'version': '0.1'}'
INFO: 2025-07-22 10:14:12,788: _walk_modules() 'Jumble loading module in GoodreadsSource from /usr/lib/python3/dist-packages/variety/plugins/builtin/quotes/GoodreadsSource.py'
INFO: 2025-07-22 10:14:12,788: load() 'Jumble found plugin class: <class 'GoodreadsSource.GoodreadsSource'>: {'name': 'Goodreads', 'description': 'Fetches quotes from Goodreads.com', 'author': 'Peter Levi', 'version': '0.1'}'
INFO: 2025-07-22 10:14:12,788: _walk_modules() 'Jumble loading module in UrbanDictionarySource from /usr/lib/python3/dist-packages/variety/plugins/builtin/quotes/UrbanDictionarySource.py'
INFO: 2025-07-22 10:14:12,788: load() 'Jumble found plugin class: <class 'UrbanDictionarySource.UrbanDictionarySource'>: {'name': 'Urban Dictionary', 'description': 'Displays definitions from Urban Dictionary', 'author': 'James Miller', 'version': '0.1'}'
INFO: 2025-07-22 10:14:12,793: log_options() 'Loaded options:'
INFO: 2025-07-22 10:14:12,793: log_options() 'change_enabled = True'
INFO: 2025-07-22 10:14:12,793: log_options() 'change_interval = 300'
INFO: 2025-07-22 10:14:12,793: log_options() 'change_on_start = True'
INFO: 2025-07-22 10:14:12,793: log_options() 'clipboard_enabled = False'
INFO: 2025-07-22 10:14:12,794: log_options() 'clipboard_hosts = ['wallhaven.cc', 'wallpapers.net', 'flickr.com', 'imgur.com', 'deviantart.com', 'interfacelift.com', 'vladstudio.com', 'imageshack.us', 'deviantart.net', 'imageshack.com']'
INFO: 2025-07-22 10:14:12,794: log_options() 'clipboard_use_whitelist = True'
INFO: 2025-07-22 10:14:12,794: log_options() 'clock_date_font = Serif 30'
INFO: 2025-07-22 10:14:12,794: log_options() 'clock_enabled = False'
INFO: 2025-07-22 10:14:12,794: log_options() 'clock_filter = -density 100 -font `fc-match -f '%{file[0]}' '%CLOCK_FONT_NAME'` -pointsize %CLOCK_FONT_SIZE -gravity SouthEast -fill '#00000044' -annotate 0x0+[%HOFFSET+58]+[%VOFFSET+108] '%H:%M' -fill white -annotate 0x0+[%HOFFSET+60]+[%VOFFSET+110] '%H:%M' -font `fc-match -f '%{file[0]}' '%DATE_FONT_NAME'` -pointsize %DATE_FONT_SIZE -fill '#00000044' -annotate 0x0+[%HOFFSET+58]+[%VOFFSET+58] '%A, %B %d' -fill white -annotate 0x0+[%HOFFSET+60]+[%VOFFSET+60] '%A, %B %d''
INFO: 2025-07-22 10:14:12,794: log_options() 'clock_font = Serif 70'
INFO: 2025-07-22 10:14:12,794: log_options() 'configfile = /home/rto/.config/variety/variety.conf'
INFO: 2025-07-22 10:14:12,794: log_options() 'copyto_enabled = False'
INFO: 2025-07-22 10:14:12,794: log_options() 'copyto_folder = Default'
INFO: 2025-07-22 10:14:12,794: log_options() 'desired_color = [160, 160, 160]'
INFO: 2025-07-22 10:14:12,794: log_options() 'desired_color_enabled = False'
INFO: 2025-07-22 10:14:12,794: log_options() 'download_folder = /home/rto/.config/variety/Downloaded'
INFO: 2025-07-22 10:14:12,794: log_options() 'download_preference_ratio = 0.9'
INFO: 2025-07-22 10:14:12,794: log_options() 'favorites_folder = /home/rto/.config/variety/Favorites'
INFO: 2025-07-22 10:14:12,794: log_options() 'favorites_operations = [['Downloaded', 'Copy'], ['Fetched', 'Move'], ['Others', 'Copy']]'
INFO: 2025-07-22 10:14:12,794: log_options() 'fetched_folder = /home/rto/.config/variety/Fetched'
INFO: 2025-07-22 10:14:12,794: log_options() 'filters = [[True, 'Keep original', ''], [False, 'Grayscale', '-type Grayscale'], [False, 'Heavy blur', '-scale 20% -blur 0x10 -resize 500%'], [False, 'Soft blur', '-scale 20% -blur 0x2 -resize 500%'], [False, 'Oil painting', '-paint 8'], [False, 'Pointilism', '-spread 10 -noise 3'], [False, 'Pixellate', '-scale 3% -scale 3333%']]'
INFO: 2025-07-22 10:14:12,794: log_options() 'get_wallpaper_script = /home/rto/.config/variety/scripts/get_wallpaper'
INFO: 2025-07-22 10:14:12,794: log_options() 'icon = Current'
INFO: 2025-07-22 10:14:12,794: log_options() 'internet_enabled = False'
INFO: 2025-07-22 10:14:12,794: log_options() 'lightness_enabled = False'
INFO: 2025-07-22 10:14:12,794: log_options() 'lightness_mode = 0'
INFO: 2025-07-22 10:14:12,794: log_options() 'min_rating = 4'
INFO: 2025-07-22 10:14:12,794: log_options() 'min_rating_enabled = False'
INFO: 2025-07-22 10:14:12,794: log_options() 'min_size = 80'
INFO: 2025-07-22 10:14:12,794: log_options() 'min_size_enabled = False'
INFO: 2025-07-22 10:14:12,794: log_options() 'quota_enabled = True'
INFO: 2025-07-22 10:14:12,794: log_options() 'quota_size = 1000'
INFO: 2025-07-22 10:14:12,794: log_options() 'quotes_authors = '
INFO: 2025-07-22 10:14:12,794: log_options() 'quotes_bg_color = [80, 80, 80]'
INFO: 2025-07-22 10:14:12,794: log_options() 'quotes_bg_opacity = 55'
INFO: 2025-07-22 10:14:12,794: log_options() 'quotes_change_enabled = False'
INFO: 2025-07-22 10:14:12,794: log_options() 'quotes_change_interval = 300'
INFO: 2025-07-22 10:14:12,794: log_options() 'quotes_disabled_sources = ['Urban Dictionary']'
INFO: 2025-07-22 10:14:12,794: log_options() 'quotes_enabled = False'
INFO: 2025-07-22 10:14:12,794: log_options() 'quotes_favorites_file = /home/rto/.config/variety/favorite_quotes.txt'
INFO: 2025-07-22 10:14:12,794: log_options() 'quotes_font = Serif 30'
INFO: 2025-07-22 10:14:12,794: log_options() 'quotes_hpos = 100'
INFO: 2025-07-22 10:14:12,794: log_options() 'quotes_max_length = 250'
INFO: 2025-07-22 10:14:12,794: log_options() 'quotes_tags = '
INFO: 2025-07-22 10:14:12,794: log_options() 'quotes_text_color = [255, 255, 255]'
INFO: 2025-07-22 10:14:12,794: log_options() 'quotes_text_shadow = False'
INFO: 2025-07-22 10:14:12,794: log_options() 'quotes_vpos = 40'
INFO: 2025-07-22 10:14:12,794: log_options() 'quotes_width = 70'
INFO: 2025-07-22 10:14:12,794: log_options() 'safe_mode = False'
INFO: 2025-07-22 10:14:12,794: log_options() 'set_wallpaper_script = /home/rto/.config/variety/scripts/set_wallpaper'
INFO: 2025-07-22 10:14:12,794: log_options() 'slideshow_custom_enabled = False'
INFO: 2025-07-22 10:14:12,794: log_options() 'slideshow_custom_folder = /home/rto/Pictures'
INFO: 2025-07-22 10:14:12,794: log_options() 'slideshow_downloads_enabled = False'
INFO: 2025-07-22 10:14:12,795: log_options() 'slideshow_fade = 0.4'
INFO: 2025-07-22 10:14:12,795: log_options() 'slideshow_favorites_enabled = True'
INFO: 2025-07-22 10:14:12,795: log_options() 'slideshow_mode = Fullscreen'
INFO: 2025-07-22 10:14:12,795: log_options() 'slideshow_monitor = All'
INFO: 2025-07-22 10:14:12,795: log_options() 'slideshow_pan = 0.05'
INFO: 2025-07-22 10:14:12,795: log_options() 'slideshow_seconds = 6.0'
INFO: 2025-07-22 10:14:12,795: log_options() 'slideshow_sort_order = Random'
INFO: 2025-07-22 10:14:12,795: log_options() 'slideshow_sources_enabled = True'
INFO: 2025-07-22 10:14:12,795: log_options() 'slideshow_zoom = 0.2'
INFO: 2025-07-22 10:14:12,795: log_options() 'smart_enabled = False'
INFO: 2025-07-22 10:14:12,795: log_options() 'smart_notice_shown = False'
INFO: 2025-07-22 10:14:12,795: log_options() 'smart_register_shown = False'
INFO: 2025-07-22 10:14:12,795: log_options() 'sources = [[False, 'favorites', 'The Favorites folder'], [False, 'fetched', 'The Fetched folder'], [True, 'folder', '/usr/share/backgrounds'], [False, 'flickr', 'user:www.flickr.com/photos/peter-levi/;user_id:93647178@N00;'], [False, 'apod', "NASA's Astronomy Picture of the Day"], [False, 'bing', 'Bing Photo of the Day'], [False, 'earthview', 'Google Earth View Wallpapers'], [False, 'natgeo', "National Geographic's photo of the day"], [False, 'unsplash', 'High-resolution photos from Unsplash.com'], [True, 'folder', '/home/rto/.local/share/backgrounds']]'
INFO: 2025-07-22 10:14:12,795: log_options() 'stats_enabled = True'
INFO: 2025-07-22 10:14:12,795: log_options() 'stats_notice_shown = False'
INFO: 2025-07-22 10:14:12,795: log_options() 'sync_enabled = True'
INFO: 2025-07-22 10:14:12,795: log_options() 'use_landscape_enabled = True'
INFO: 2025-07-22 10:14:12,795: log_options() 'wallhaven_api_key = '
INFO: 2025-07-22 10:14:12,795: log_options() 'wallpaper_auto_rotate = False'
INFO: 2025-07-22 10:14:12,795: log_options() 'wallpaper_display_mode = zoom'
INFO: 2025-07-22 10:14:12,795: reload_config() 'No need to clear prepared queue'
INFO: 2025-07-22 10:14:12,795: update_indicator() 'Setting file info to: /usr/share/backgrounds/xfce/xfce-stripes.png'
INFO: 2025-07-22 10:14:12,796: load_banned() 'Missing or invalid banned URLs list, no URLs will be banned'
INFO: 2025-07-22 10:14:12,796: load_last_change_time() 'Change interval < 6 hours, ignore persisted last_change_time, wait initially the whole interval: 300'
INFO: 2025-07-22 10:14:12,796: update_indicator() 'Setting file info to: /usr/share/backgrounds/xfce/xfce-stripes.png'
INFO: 2025-07-22 10:14:12,796: regular_change_thread() 'regular_change thread running'
INFO: 2025-07-22 10:14:12,796: prepare_thread() 'Prepare thread running'
INFO: 2025-07-22 10:14:12,797: prepare_thread() 'Prepared buffer contains 0 images'
INFO: 2025-07-22 10:14:12,797: prepare_thread() 'Preparing some images'
INFO: 2025-07-22 10:14:12,800: update_indicator_icon() 'Creating indicator'
WARNING: 2025-07-22 10:14:12,819: create_menu() 'Variety Slideshow is not installed. This is an optional extension adding pan-and-zoom slideshows to Variety: see https://github.com/peterlevi/variety-slideshow for details'
INFO: 2025-07-22 10:14:12,820: create_indicator() 'indicator backend: AyatanaAppIndicator3'
INFO: 2025-07-22 10:14:12,822: set_icon() 'Showing indicator icon image: /usr/share/backgrounds/xfce/xfce-stripes.png'
INFO: 2025-07-22 10:14:12,845: prepare_thread() 'After search prepared buffer contains 12 images'
INFO: 2025-07-22 10:14:12,896: do_set_wp() 'Calling do_set_wp with /usr/share/backgrounds/xfce/xfce-stripes.png, time: 1753172052.8969061'
INFO: 2025-07-22 10:14:12,899: apply_display_mode() 'ImageMagick display mode cmd: convert /usr/share/backgrounds/xfce/xfce-stripes.png -scale 1920x1200^  /home/rto/.config/variety/wallpaper/wallpaper-zoomed-95a6ea1c660d6fff412f691b0fecc236.jpg'
INFO: 2025-07-22 10:14:13,036: update_indicator() 'Setting file info to: /usr/share/backgrounds/xfce/xfce-stripes.png'
INFO: 2025-07-22 10:14:13,982: reload() 'Reloading preferences dialog'
INFO: 2025-07-22 10:14:14,403: set_icon() 'Showing indicator icon image: /usr/share/backgrounds/xfce/xfce-stripes.png'
INFO: 2025-07-22 10:14:14,847: trigger_download() 'Triggering download thread to check if download needed and possible'
INFO: 2025-07-22 10:14:17,797: set_wallpaper() 'Calling set_wallpaper with /usr/share/backgrounds/sway/Sway_Wallpaper_Blue_1136x640.png'
INFO: 2025-07-22 10:14:17,797: prepare_thread() 'Prepared buffer contains 11 images'
INFO: 2025-07-22 10:14:17,798: do_set_wp() 'Calling do_set_wp with /usr/share/backgrounds/sway/Sway_Wallpaper_Blue_1136x640.png, time: 1753172057.7980242'
INFO: 2025-07-22 10:14:17,798: apply_display_mode() 'ImageMagick display mode cmd: convert /usr/share/backgrounds/sway/Sway_Wallpaper_Blue_1136x640.png -scale 1920x1200^  /home/rto/.config/variety/wallpaper/wallpaper-zoomed-0a15546229da68ab44538871af2d8ba6.jpg'
INFO: 2025-07-22 10:14:17,865: update_indicator() 'Setting file info to: /usr/share/backgrounds/sway/Sway_Wallpaper_Blue_1136x640.png'
INFO: 2025-07-22 10:14:19,182: set_icon() 'Showing indicator icon image: /usr/share/backgrounds/sway/Sway_Wallpaper_Blue_1136x640.png'
INFO: 2025-07-22 10:14:19,798: trigger_download() 'Triggering download thread to check if download needed and possible'
INFO: 2025-07-22 10:19:04,367: set_wallpaper() 'Calling set_wallpaper with /usr/share/backgrounds/sway/Sway_Wallpaper_Blue_768x1024.png'
INFO: 2025-07-22 10:19:04,367: prepare_thread() 'Prepared buffer contains 10 images'
INFO: 2025-07-22 10:19:04,367: prepare_thread() 'Preparing some images'
INFO: 2025-07-22 10:19:04,367: do_set_wp() 'Calling do_set_wp with /usr/share/backgrounds/sway/Sway_Wallpaper_Blue_768x1024.png, time: 1753172344.3677728'
INFO: 2025-07-22 10:19:04,368: apply_display_mode() 'ImageMagick display mode cmd: convert /usr/share/backgrounds/sway/Sway_Wallpaper_Blue_768x1024.png -scale 1920x1200^  /home/rto/.config/variety/wallpaper/wallpaper-zoomed-3b28787d150577a307af7233af39bb39.jpg'
INFO: 2025-07-22 10:19:04,391: prepare_thread() 'After search prepared buffer contains 12 images'
INFO: 2025-07-22 10:19:04,448: update_indicator() 'Setting file info to: /usr/share/backgrounds/sway/Sway_Wallpaper_Blue_768x1024.png'
INFO: 2025-07-22 10:19:05,764: set_icon() 'Showing indicator icon image: /usr/share/backgrounds/sway/Sway_Wallpaper_Blue_768x1024.png'
INFO: 2025-07-22 10:19:06,391: trigger_download() 'Triggering download thread to check if download needed and possible'
INFO: 2025-07-22 10:19:09,130: set_wallpaper() 'Calling set_wallpaper with /usr/share/backgrounds/sway/Sway_Wallpaper_Blue_1920x1080.png'
INFO: 2025-07-22 10:19:09,131: prepare_thread() 'Prepared buffer contains 11 images'
INFO: 2025-07-22 10:19:09,131: do_set_wp() 'Calling do_set_wp with /usr/share/backgrounds/sway/Sway_Wallpaper_Blue_1920x1080.png, time: 1753172349.131405'
INFO: 2025-07-22 10:19:09,131: apply_display_mode() 'ImageMagick display mode cmd: convert /usr/share/backgrounds/sway/Sway_Wallpaper_Blue_1920x1080.png -scale 1920x1200^  /home/rto/.config/variety/wallpaper/wallpaper-zoomed-13711dc1c360bb662f80f92b7f5d738d.jpg'
INFO: 2025-07-22 10:19:09,218: update_indicator() 'Setting file info to: /usr/share/backgrounds/sway/Sway_Wallpaper_Blue_1920x1080.png'
INFO: 2025-07-22 10:19:10,585: set_icon() 'Showing indicator icon image: /usr/share/backgrounds/sway/Sway_Wallpaper_Blue_1920x1080.png'
INFO: 2025-07-22 10:19:11,131: trigger_download() 'Triggering download thread to check if download needed and possible'
INFO: 2025-07-22 10:24:07,447: set_wallpaper() 'Calling set_wallpaper with /usr/share/backgrounds/sway/Sway_Wallpaper_Blue_768x1024.png'
INFO: 2025-07-22 10:24:07,447: prepare_thread() 'Prepared buffer contains 10 images'
INFO: 2025-07-22 10:24:07,447: prepare_thread() 'Preparing some images'
INFO: 2025-07-22 10:24:07,447: do_set_wp() 'Calling do_set_wp with /usr/share/backgrounds/sway/Sway_Wallpaper_Blue_768x1024.png, time: 1753172647.4476779'
INFO: 2025-07-22 10:24:07,448: apply_display_mode() 'ImageMagick display mode cmd: convert /usr/share/backgrounds/sway/Sway_Wallpaper_Blue_768x1024.png -scale 1920x1200^  /home/rto/.config/variety/wallpaper/wallpaper-zoomed-704515c08eb3ea5e19d63027f53bc77a.jpg'
INFO: 2025-07-22 10:24:07,475: prepare_thread() 'After search prepared buffer contains 12 images'
INFO: 2025-07-22 10:24:07,526: update_indicator() 'Setting file info to: /usr/share/backgrounds/sway/Sway_Wallpaper_Blue_768x1024.png'
INFO: 2025-07-22 10:24:08,893: set_icon() 'Showing indicator icon image: /usr/share/backgrounds/sway/Sway_Wallpaper_Blue_768x1024.png'
INFO: 2025-07-22 10:24:09,475: trigger_download() 'Triggering download thread to check if download needed and possible'
INFO: 2025-07-22 10:29:08,894: regular_change_thread() 'regular_change changes wallpaper'
INFO: 2025-07-22 10:29:08,894: set_wallpaper() 'Calling set_wallpaper with /usr/share/backgrounds/xfce/xfce-teal.jpg'
INFO: 2025-07-22 10:29:08,894: prepare_thread() 'Prepared buffer contains 11 images'
INFO: 2025-07-22 10:29:08,896: do_set_wp() 'Calling do_set_wp with /usr/share/backgrounds/xfce/xfce-teal.jpg, time: 1753172948.8968334'
INFO: 2025-07-22 10:29:08,898: apply_display_mode() 'ImageMagick display mode cmd: convert /usr/share/backgrounds/xfce/xfce-teal.jpg -scale 1920x1200^  /home/rto/.config/variety/wallpaper/wallpaper-zoomed-6ab30cc2b26d9ae0fc34aa468decca00.jpg'
INFO: 2025-07-22 10:29:09,057: update_indicator() 'Setting file info to: /usr/share/backgrounds/xfce/xfce-teal.jpg'
INFO: 2025-07-22 10:29:10,424: set_icon() 'Showing indicator icon image: /usr/share/backgrounds/xfce/xfce-teal.jpg'
INFO: 2025-07-22 10:29:10,896: trigger_download() 'Triggering download thread to check if download needed and possible'
INFO: 2025-07-22 10:34:10,425: regular_change_thread() 'regular_change changes wallpaper'
INFO: 2025-07-22 10:34:10,426: set_wallpaper() 'Calling set_wallpaper with /usr/share/backgrounds/sway/Sway_Wallpaper_Blue_1136x640.png'
INFO: 2025-07-22 10:34:10,427: prepare_thread() 'Prepared buffer contains 10 images'
INFO: 2025-07-22 10:34:10,427: prepare_thread() 'Preparing some images'
INFO: 2025-07-22 10:34:10,428: do_set_wp() 'Calling do_set_wp with /usr/share/backgrounds/sway/Sway_Wallpaper_Blue_1136x640.png, time: 1753173250.4282684'
INFO: 2025-07-22 10:34:10,431: apply_display_mode() 'ImageMagick display mode cmd: convert /usr/share/backgrounds/sway/Sway_Wallpaper_Blue_1136x640.png -scale 1920x1200^  /home/rto/.config/variety/wallpaper/wallpaper-zoomed-0511b7a339efd10a286555db832f33a0.jpg'
INFO: 2025-07-22 10:34:10,459: prepare_thread() 'After search prepared buffer contains 12 images'
INFO: 2025-07-22 10:34:10,523: update_indicator() 'Setting file info to: /usr/share/backgrounds/sway/Sway_Wallpaper_Blue_1136x640.png'
INFO: 2025-07-22 10:34:11,891: set_icon() 'Showing indicator icon image: /usr/share/backgrounds/sway/Sway_Wallpaper_Blue_1136x640.png'
INFO: 2025-07-22 10:34:12,459: trigger_download() 'Triggering download thread to check if download needed and possible'
INFO: 2025-07-22 10:39:11,892: regular_change_thread() 'regular_change changes wallpaper'
INFO: 2025-07-22 10:39:11,892: set_wallpaper() 'Calling set_wallpaper with /usr/share/backgrounds/sway/Sway_Wallpaper_Blue_1920x1080.png'
INFO: 2025-07-22 10:39:11,893: prepare_thread() 'Prepared buffer contains 11 images'
INFO: 2025-07-22 10:39:11,894: do_set_wp() 'Calling do_set_wp with /usr/share/backgrounds/sway/Sway_Wallpaper_Blue_1920x1080.png, time: 1753173551.8944988'
INFO: 2025-07-22 10:39:11,896: apply_display_mode() 'ImageMagick display mode cmd: convert /usr/share/backgrounds/sway/Sway_Wallpaper_Blue_1920x1080.png -scale 1920x1200^  /home/rto/.config/variety/wallpaper/wallpaper-zoomed-94ff50822a50c10725126a696a0ec394.jpg'
INFO: 2025-07-22 10:39:11,997: update_indicator() 'Setting file info to: /usr/share/backgrounds/sway/Sway_Wallpaper_Blue_1920x1080.png'
INFO: 2025-07-22 10:39:13,363: set_icon() 'Showing indicator icon image: /usr/share/backgrounds/sway/Sway_Wallpaper_Blue_1920x1080.png'
INFO: 2025-07-22 10:39:13,894: trigger_download() 'Triggering download thread to check if download needed and possible'
INFO: 2025-07-22 10:44:13,364: regular_change_thread() 'regular_change changes wallpaper'
INFO: 2025-07-22 10:44:13,374: set_wallpaper() 'Calling set_wallpaper with /usr/share/backgrounds/xfce/xfce-blue.jpg'
INFO: 2025-07-22 10:44:13,375: do_set_wp() 'Calling do_set_wp with /usr/share/backgrounds/xfce/xfce-blue.jpg, time: 1753173853.375655'
INFO: 2025-07-22 10:44:13,376: prepare_thread() 'Prepared buffer contains 10 images'
INFO: 2025-07-22 10:44:13,376: prepare_thread() 'Preparing some images'
INFO: 2025-07-22 10:44:13,378: apply_display_mode() 'ImageMagick display mode cmd: convert /usr/share/backgrounds/xfce/xfce-blue.jpg -scale 1920x1200^  /home/rto/.config/variety/wallpaper/wallpaper-zoomed-87e5bafba9c5010097e17c7c83699bb1.jpg'
INFO: 2025-07-22 10:44:13,406: prepare_thread() 'After search prepared buffer contains 12 images'
INFO: 2025-07-22 10:44:13,509: update_indicator() 'Setting file info to: /usr/share/backgrounds/xfce/xfce-blue.jpg'
INFO: 2025-07-22 10:44:14,877: set_icon() 'Showing indicator icon image: /usr/share/backgrounds/xfce/xfce-blue.jpg'
INFO: 2025-07-22 10:44:15,407: trigger_download() 'Triggering download thread to check if download needed and possible'
INFO: 2025-07-22 10:49:14,877: regular_change_thread() 'regular_change changes wallpaper'
INFO: 2025-07-22 10:49:14,877: set_wallpaper() 'Calling set_wallpaper with /usr/share/backgrounds/sway/Sway_Wallpaper_Blue_2048x1536.png'
INFO: 2025-07-22 10:49:14,878: prepare_thread() 'Prepared buffer contains 11 images'
INFO: 2025-07-22 10:49:14,879: do_set_wp() 'Calling do_set_wp with /usr/share/backgrounds/sway/Sway_Wallpaper_Blue_2048x1536.png, time: 1753174154.879079'
INFO: 2025-07-22 10:49:14,881: apply_display_mode() 'ImageMagick display mode cmd: convert /usr/share/backgrounds/sway/Sway_Wallpaper_Blue_2048x1536.png -scale 1920x1200^  /home/rto/.config/variety/wallpaper/wallpaper-zoomed-db0eb8b27418eb5d167b010dff316c01.jpg'
INFO: 2025-07-22 10:49:14,998: update_indicator() 'Setting file info to: /usr/share/backgrounds/sway/Sway_Wallpaper_Blue_2048x1536.png'
INFO: 2025-07-22 10:49:16,415: set_icon() 'Showing indicator icon image: /usr/share/backgrounds/sway/Sway_Wallpaper_Blue_2048x1536.png'
INFO: 2025-07-22 10:49:16,880: trigger_download() 'Triggering download thread to check if download needed and possible'
INFO: 2025-07-22 10:54:16,415: regular_change_thread() 'regular_change changes wallpaper'
INFO: 2025-07-22 10:54:16,415: set_wallpaper() 'Calling set_wallpaper with /usr/share/backgrounds/sway/Sway_Wallpaper_Blue_1920x1080.png'
INFO: 2025-07-22 10:54:16,415: do_set_wp() 'Calling do_set_wp with /usr/share/backgrounds/sway/Sway_Wallpaper_Blue_1920x1080.png, time: 1753174456.4155302'
INFO: 2025-07-22 10:54:16,415: prepare_thread() 'Prepared buffer contains 10 images'
INFO: 2025-07-22 10:54:16,415: prepare_thread() 'Preparing some images'
INFO: 2025-07-22 10:54:16,416: apply_display_mode() 'ImageMagick display mode cmd: convert /usr/share/backgrounds/sway/Sway_Wallpaper_Blue_1920x1080.png -scale 1920x1200^  /home/rto/.config/variety/wallpaper/wallpaper-zoomed-fcd3f98f35586d2084aea007aa98516c.jpg'
INFO: 2025-07-22 10:54:16,438: prepare_thread() 'After search prepared buffer contains 12 images'
INFO: 2025-07-22 10:54:16,518: update_indicator() 'Setting file info to: /usr/share/backgrounds/sway/Sway_Wallpaper_Blue_1920x1080.png'
INFO: 2025-07-22 10:54:18,036: set_icon() 'Showing indicator icon image: /usr/share/backgrounds/sway/Sway_Wallpaper_Blue_1920x1080.png'
INFO: 2025-07-22 10:54:18,438: trigger_download() 'Triggering download thread to check if download needed and possible'
INFO: 2025-07-22 10:59:18,036: regular_change_thread() 'regular_change changes wallpaper'
INFO: 2025-07-22 10:59:18,037: set_wallpaper() 'Calling set_wallpaper with /usr/share/backgrounds/xfce/xfce-shapes.svg'
INFO: 2025-07-22 10:59:18,038: do_set_wp() 'Calling do_set_wp with /usr/share/backgrounds/xfce/xfce-shapes.svg, time: 1753174758.038774'
INFO: 2025-07-22 10:59:18,039: prepare_thread() 'Prepared buffer contains 11 images'
INFO: 2025-07-22 10:59:18,041: apply_display_mode() 'ImageMagick display mode cmd: convert /usr/share/backgrounds/xfce/xfce-shapes.svg -scale 1920x1200^  /home/rto/.config/variety/wallpaper/wallpaper-zoomed-682ee98ea8e203de1fe6e00e34a859fc.jpg'
INFO: 2025-07-22 10:59:18,374: update_indicator() 'Setting file info to: /usr/share/backgrounds/xfce/xfce-shapes.svg'
INFO: 2025-07-22 10:59:19,691: set_icon() 'Showing indicator icon image: /usr/share/backgrounds/xfce/xfce-shapes.svg'
INFO: 2025-07-22 10:59:20,040: trigger_download() 'Triggering download thread to check if download needed and possible'
INFO: 2025-07-22 11:04:19,691: regular_change_thread() 'regular_change changes wallpaper'
INFO: 2025-07-22 11:04:19,691: set_wallpaper() 'Calling set_wallpaper with /usr/share/backgrounds/xfce/xfce-stripes.png'
INFO: 2025-07-22 11:04:19,691: do_set_wp() 'Calling do_set_wp with /usr/share/backgrounds/xfce/xfce-stripes.png, time: 1753175059.6918018'
INFO: 2025-07-22 11:04:19,691: prepare_thread() 'Prepared buffer contains 10 images'
INFO: 2025-07-22 11:04:19,692: prepare_thread() 'Preparing some images'
INFO: 2025-07-22 11:04:19,692: apply_display_mode() 'ImageMagick display mode cmd: convert /usr/share/backgrounds/xfce/xfce-stripes.png -scale 1920x1200^  /home/rto/.config/variety/wallpaper/wallpaper-zoomed-d7b1c831361978407694a12b1ac01a21.jpg'
INFO: 2025-07-22 11:04:19,712: prepare_thread() 'After search prepared buffer contains 12 images'
INFO: 2025-07-22 11:04:19,859: update_indicator() 'Setting file info to: /usr/share/backgrounds/xfce/xfce-stripes.png'
INFO: 2025-07-22 11:04:21,177: set_icon() 'Showing indicator icon image: /usr/share/backgrounds/xfce/xfce-stripes.png'
INFO: 2025-07-22 11:04:21,713: trigger_download() 'Triggering download thread to check if download needed and possible'
